*** Starting uWSGI 2.0.11.1 (64bit) on [Thu Dec 24 13:10:10 2015] ***
compiled with version: 4.4.7 20120313 (Red Hat 4.4.7-11) on 21 July 2015 15:58:54
os: Linux-2.6.32-504.30.3.el6.x86_64 #1 SMP Wed Jul 15 10:13:09 UTC 2015
nodename: app
machine: x86_64
clock source: unix
pcre jit disabled
detected number of CPU cores: 2
current working directory: /home/xuanwen/appserver/my_flask
detected binary path: /usr/sbin/uwsgi
uWSGI running as root, you can use --uid/--gid/--chroot options
*** WARNING: you are running uWSGI as root !!! (use the --uid flag) *** 
*** WARNING: you are running uWSGI without its master process manager ***
your processes number limit is 30457
your memory page size is 4096 bytes
detected max file descriptor number: 65535
lock engine: pthread robust mutexes
thunder lock: disabled (you can enable it with --thunder-lock)
uwsgi socket 0 bound to TCP address 127.0.0.1:5001 fd 3
uwsgi socket 1 bound to UNIX address /tmp/uwsgi.sock fd 4
your server socket listen backlog is limited to 100 connections
your mercy for graceful operations on workers is 60 seconds
mapped 166144 bytes (162 KB) for 4 cores
*** Operational MODE: preforking+threaded ***
*** no app loaded. going in full dynamic mode ***
*** uWSGI is running in multiple interpreter mode ***
spawned uWSGI worker 1 (pid: 24201, cores: 2)
spawned uWSGI worker 2 (pid: 24202, cores: 2)
-- unavailable modifier requested: 0 --
-- unavailable modifier requested: 0 --
-- unavailable modifier requested: 0 --
-- unavailable modifier requested: 0 --
-- unavailable modifier requested: 0 --
-- unavailable modifier requested: 0 --
-- unavailable modifier requested: 0 --
-- unavailable modifier requested: 0 --
-- unavailable modifier requested: 0 --
-- unavailable modifier requested: 0 --
*** Starting uWSGI 2.0.11.1 (64bit) on [Thu Dec 24 13:11:36 2015] ***
compiled with version: 4.4.7 20120313 (Red Hat 4.4.7-11) on 21 July 2015 15:58:54
os: Linux-2.6.32-504.30.3.el6.x86_64 #1 SMP Wed Jul 15 10:13:09 UTC 2015
nodename: app
machine: x86_64
clock source: unix
pcre jit disabled
detected number of CPU cores: 2
current working directory: /home/xuanwen/appserver/my_flask
detected binary path: /usr/sbin/uwsgi
uWSGI running as root, you can use --uid/--gid/--chroot options
*** WARNING: you are running uWSGI as root !!! (use the --uid flag) *** 
*** WARNING: you are running uWSGI without its master process manager ***
your processes number limit is 30457
your memory page size is 4096 bytes
detected max file descriptor number: 65535
lock engine: pthread robust mutexes
thunder lock: disabled (you can enable it with --thunder-lock)
uwsgi socket 0 bound to TCP address 127.0.0.1:5001 fd 3
uwsgi socket 1 bound to UNIX address /tmp/uwsgi.sock fd 4
your server socket listen backlog is limited to 100 connections
your mercy for graceful operations on workers is 60 seconds
mapped 166144 bytes (162 KB) for 4 cores
*** Operational MODE: preforking+threaded ***
*** no app loaded. going in full dynamic mode ***
*** uWSGI is running in multiple interpreter mode ***
spawned uWSGI worker 1 (pid: 24214, cores: 2)
spawned uWSGI worker 2 (pid: 24215, cores: 2)
-- unavailable modifier requested: 0 --
-- unavailable modifier requested: 0 --
-- unavailable modifier requested: 0 --
-- unavailable modifier requested: 0 --
*** Starting uWSGI 2.0.11.1 (64bit) on [Thu Dec 24 13:15:41 2015] ***
compiled with version: 4.4.7 20120313 (Red Hat 4.4.7-11) on 21 July 2015 15:58:54
os: Linux-2.6.32-504.30.3.el6.x86_64 #1 SMP Wed Jul 15 10:13:09 UTC 2015
nodename: app
machine: x86_64
clock source: unix
pcre jit disabled
detected number of CPU cores: 2
current working directory: /home/xuanwen/appserver/my_flask
detected binary path: /usr/sbin/uwsgi
uWSGI running as root, you can use --uid/--gid/--chroot options
*** WARNING: you are running uWSGI as root !!! (use the --uid flag) *** 
*** WARNING: you are running uWSGI without its master process manager ***
your processes number limit is 30457
your memory page size is 4096 bytes
detected max file descriptor number: 65535
lock engine: pthread robust mutexes
thunder lock: disabled (you can enable it with --thunder-lock)
uwsgi socket 0 bound to TCP address 127.0.0.1:5001 fd 3
uwsgi socket 1 bound to UNIX address /tmp/uwsgi.sock fd 4
your server socket listen backlog is limited to 100 connections
your mercy for graceful operations on workers is 60 seconds
mapped 166144 bytes (162 KB) for 4 cores
*** Operational MODE: preforking+threaded ***
*** no app loaded. going in full dynamic mode ***
*** uWSGI is running in multiple interpreter mode ***
spawned uWSGI worker 1 (pid: 24239, cores: 2)
spawned uWSGI worker 2 (pid: 24240, cores: 2)
-- unavailable modifier requested: 0 --
-- unavailable modifier requested: 0 --
-- unavailable modifier requested: 0 --
-- unavailable modifier requested: 0 --
-- unavailable modifier requested: 0 --
-- unavailable modifier requested: 0 --
-- unavailable modifier requested: 0 --
-- unavailable modifier requested: 0 --
-- unavailable modifier requested: 0 --
-- unavailable modifier requested: 0 --
-- unavailable modifier requested: 0 --
*** Starting uWSGI 2.0.11.1 (64bit) on [Thu Dec 24 13:23:13 2015] ***
compiled with version: 4.4.7 20120313 (Red Hat 4.4.7-11) on 21 July 2015 15:58:54
os: Linux-2.6.32-504.30.3.el6.x86_64 #1 SMP Wed Jul 15 10:13:09 UTC 2015
nodename: app
machine: x86_64
clock source: unix
pcre jit disabled
detected number of CPU cores: 2
current working directory: /home/xuanwen/appserver/my_flask
detected binary path: /usr/sbin/uwsgi
uWSGI running as root, you can use --uid/--gid/--chroot options
*** WARNING: you are running uWSGI as root !!! (use the --uid flag) *** 
chdir() to /home/xuanwen/appserver/my_flask
*** WARNING: you are running uWSGI without its master process manager ***
your processes number limit is 30457
your memory page size is 4096 bytes
detected max file descriptor number: 65535
lock engine: pthread robust mutexes
thunder lock: disabled (you can enable it with --thunder-lock)
uwsgi socket 0 bound to TCP address 127.0.0.1:5001 fd 3
uwsgi socket 1 bound to UNIX address /tmp/uwsgi.sock fd 4
your server socket listen backlog is limited to 100 connections
your mercy for graceful operations on workers is 60 seconds
mapped 166144 bytes (162 KB) for 4 cores
*** Operational MODE: preforking+threaded ***
*** no app loaded. going in full dynamic mode ***
*** uWSGI is running in multiple interpreter mode ***
spawned uWSGI worker 1 (pid: 24268, cores: 2)
spawned uWSGI worker 2 (pid: 24269, cores: 2)
-- unavailable modifier requested: 0 --
-- unavailable modifier requested: 0 --
-- unavailable modifier requested: 0 --
*** Starting uWSGI 2.0.11.1 (64bit) on [Thu Dec 24 13:25:19 2015] ***
compiled with version: 4.4.7 20120313 (Red Hat 4.4.7-11) on 21 July 2015 15:58:54
os: Linux-2.6.32-504.30.3.el6.x86_64 #1 SMP Wed Jul 15 10:13:09 UTC 2015
nodename: app
machine: x86_64
clock source: unix
pcre jit disabled
detected number of CPU cores: 2
current working directory: /home/xuanwen/appserver/my_flask
detected binary path: /usr/sbin/uwsgi
uWSGI running as root, you can use --uid/--gid/--chroot options
*** WARNING: you are running uWSGI as root !!! (use the --uid flag) *** 
*** WARNING: you are running uWSGI without its master process manager ***
your processes number limit is 30457
your memory page size is 4096 bytes
detected max file descriptor number: 65535
lock engine: pthread robust mutexes
thunder lock: disabled (you can enable it with --thunder-lock)
uwsgi socket 0 bound to TCP address 127.0.0.1:5001 fd 3
uwsgi socket 1 bound to UNIX address /tmp/uwsgi.sock fd 4
your server socket listen backlog is limited to 100 connections
your mercy for graceful operations on workers is 60 seconds
mapped 166144 bytes (162 KB) for 4 cores
*** Operational MODE: preforking+threaded ***
*** no app loaded. going in full dynamic mode ***
*** uWSGI is running in multiple interpreter mode ***
spawned uWSGI worker 1 (pid: 24277, cores: 2)
spawned uWSGI worker 2 (pid: 24278, cores: 2)
-- unavailable modifier requested: 0 --
-- unavailable modifier requested: 0 --
-- unavailable modifier requested: 0 --
*** Starting uWSGI 2.0.11.1 (64bit) on [Thu Dec 24 13:25:58 2015] ***
compiled with version: 4.4.7 20120313 (Red Hat 4.4.7-11) on 21 July 2015 15:58:54
os: Linux-2.6.32-504.30.3.el6.x86_64 #1 SMP Wed Jul 15 10:13:09 UTC 2015
nodename: app
machine: x86_64
clock source: unix
pcre jit disabled
detected number of CPU cores: 2
current working directory: /home/xuanwen/appserver/my_flask
detected binary path: /usr/sbin/uwsgi
uWSGI running as root, you can use --uid/--gid/--chroot options
*** WARNING: you are running uWSGI as root !!! (use the --uid flag) *** 
*** WARNING: you are running uWSGI without its master process manager ***
your processes number limit is 30457
your memory page size is 4096 bytes
detected max file descriptor number: 65535
lock engine: pthread robust mutexes
thunder lock: disabled (you can enable it with --thunder-lock)
uwsgi socket 0 bound to TCP address 127.0.0.1:5001 fd 3
uwsgi socket 1 bound to UNIX address /tmp/uwsgi.sock fd 4
your server socket listen backlog is limited to 100 connections
your mercy for graceful operations on workers is 60 seconds
mapped 166144 bytes (162 KB) for 4 cores
*** Operational MODE: preforking+threaded ***
*** no app loaded. going in full dynamic mode ***
*** uWSGI is running in multiple interpreter mode ***
spawned uWSGI worker 1 (pid: 24282, cores: 2)
spawned uWSGI worker 2 (pid: 24283, cores: 2)
-- unavailable modifier requested: 0 --
-- unavailable modifier requested: 0 --
-- unavailable modifier requested: 0 --
-- unavailable modifier requested: 0 --
-- unavailable modifier requested: 0 --
-- unavailable modifier requested: 0 --
*** Starting uWSGI 2.0.11.1 (64bit) on [Thu Dec 24 13:27:04 2015] ***
compiled with version: 4.4.7 20120313 (Red Hat 4.4.7-11) on 21 July 2015 15:58:54
os: Linux-2.6.32-504.30.3.el6.x86_64 #1 SMP Wed Jul 15 10:13:09 UTC 2015
nodename: app
machine: x86_64
clock source: unix
pcre jit disabled
detected number of CPU cores: 2
current working directory: /home/xuanwen/appserver/my_flask
detected binary path: /usr/sbin/uwsgi
uWSGI running as root, you can use --uid/--gid/--chroot options
*** WARNING: you are running uWSGI as root !!! (use the --uid flag) *** 
*** WARNING: you are running uWSGI without its master process manager ***
your processes number limit is 30457
your memory page size is 4096 bytes
detected max file descriptor number: 65535
lock engine: pthread robust mutexes
thunder lock: disabled (you can enable it with --thunder-lock)
uwsgi socket 0 bound to TCP address 127.0.0.1:5001 fd 3
uwsgi socket 1 bound to UNIX address /tmp/uwsgi.sock fd 4
your server socket listen backlog is limited to 100 connections
your mercy for graceful operations on workers is 60 seconds
mapped 166144 bytes (162 KB) for 4 cores
*** Operational MODE: preforking+threaded ***
*** no app loaded. going in full dynamic mode ***
*** uWSGI is running in multiple interpreter mode ***
spawned uWSGI worker 1 (pid: 24290, cores: 2)
spawned uWSGI worker 2 (pid: 24291, cores: 2)
-- unavailable modifier requested: 0 --
*** Starting uWSGI 2.0.11.1 (64bit) on [Thu Dec 24 13:27:54 2015] ***
compiled with version: 4.4.7 20120313 (Red Hat 4.4.7-11) on 21 July 2015 15:58:54
os: Linux-2.6.32-504.30.3.el6.x86_64 #1 SMP Wed Jul 15 10:13:09 UTC 2015
nodename: app
machine: x86_64
clock source: unix
pcre jit disabled
detected number of CPU cores: 2
current working directory: /home/xuanwen/appserver/my_flask
detected binary path: /usr/sbin/uwsgi
uWSGI running as root, you can use --uid/--gid/--chroot options
*** WARNING: you are running uWSGI as root !!! (use the --uid flag) *** 
chdir() to /home/xuanwen/appserver/my_flask
*** WARNING: you are running uWSGI without its master process manager ***
your processes number limit is 30457
your memory page size is 4096 bytes
detected max file descriptor number: 65535
lock engine: pthread robust mutexes
thunder lock: disabled (you can enable it with --thunder-lock)
uwsgi socket 0 bound to TCP address 127.0.0.1:5001 fd 3
uwsgi socket 1 bound to UNIX address /tmp/uwsgi.sock fd 4
your server socket listen backlog is limited to 100 connections
your mercy for graceful operations on workers is 60 seconds
mapped 166144 bytes (162 KB) for 4 cores
*** Operational MODE: preforking+threaded ***
*** no app loaded. going in full dynamic mode ***
*** uWSGI is running in multiple interpreter mode ***
spawned uWSGI worker 1 (pid: 24300, cores: 2)
spawned uWSGI worker 2 (pid: 24301, cores: 2)
-- unavailable modifier requested: 0 --
-- unavailable modifier requested: 0 --
-- unavailable modifier requested: 0 --
*** Starting uWSGI 2.0.11.1 (64bit) on [Thu Dec 24 13:34:03 2015] ***
compiled with version: 4.4.7 20120313 (Red Hat 4.4.7-11) on 21 July 2015 15:58:54
os: Linux-2.6.32-504.30.3.el6.x86_64 #1 SMP Wed Jul 15 10:13:09 UTC 2015
nodename: app
machine: x86_64
clock source: unix
pcre jit disabled
detected number of CPU cores: 2
current working directory: /home/xuanwen/appserver/my_flask
detected binary path: /usr/sbin/uwsgi
uWSGI running as root, you can use --uid/--gid/--chroot options
*** WARNING: you are running uWSGI as root !!! (use the --uid flag) *** 
chdir() to /home/xuanwen/appserver/my_flask
*** WARNING: you are running uWSGI without its master process manager ***
your processes number limit is 30457
your memory page size is 4096 bytes
detected max file descriptor number: 65535
lock engine: pthread robust mutexes
thunder lock: disabled (you can enable it with --thunder-lock)
uwsgi socket 0 bound to TCP address 127.0.0.1:5001 fd 3
uwsgi socket 1 bound to UNIX address /tmp/uwsgi.sock fd 4
your server socket listen backlog is limited to 100 connections
your mercy for graceful operations on workers is 60 seconds
mapped 166144 bytes (162 KB) for 4 cores
*** Operational MODE: preforking+threaded ***
*** no app loaded. going in full dynamic mode ***
*** uWSGI is running in multiple interpreter mode ***
spawned uWSGI worker 1 (pid: 24322, cores: 2)
spawned uWSGI worker 2 (pid: 24323, cores: 2)
-- unavailable modifier requested: 0 --
-- unavailable modifier requested: 0 --
-- unavailable modifier requested: 0 --
-- unavailable modifier requested: 0 --
-- unavailable modifier requested: 0 --
-- unavailable modifier requested: 0 --
-- unavailable modifier requested: 0 --
-- unavailable modifier requested: 0 --
-- unavailable modifier requested: 0 --
*** Starting uWSGI 2.0.11.1 (64bit) on [Thu Dec 24 13:41:54 2015] ***
compiled with version: 4.4.7 20120313 (Red Hat 4.4.7-11) on 21 July 2015 15:58:54
os: Linux-2.6.32-504.30.3.el6.x86_64 #1 SMP Wed Jul 15 10:13:09 UTC 2015
nodename: app
machine: x86_64
clock source: unix
pcre jit disabled
detected number of CPU cores: 2
current working directory: /home/xuanwen/appserver/my_flask
detected binary path: /usr/sbin/uwsgi
uWSGI running as root, you can use --uid/--gid/--chroot options
*** WARNING: you are running uWSGI as root !!! (use the --uid flag) *** 
chdir() to /home/xuanwen/appserver/my_flask
*** WARNING: you are running uWSGI without its master process manager ***
your processes number limit is 30457
your memory page size is 4096 bytes
detected max file descriptor number: 65535
lock engine: pthread robust mutexes
thunder lock: disabled (you can enable it with --thunder-lock)
uwsgi socket 0 bound to TCP address 127.0.0.1:5001 fd 3
uwsgi socket 1 bound to UNIX address /tmp/uwsgi.sock fd 4
your server socket listen backlog is limited to 100 connections
your mercy for graceful operations on workers is 60 seconds
mapped 166144 bytes (162 KB) for 4 cores
*** Operational MODE: preforking+threaded ***
*** no app loaded. going in full dynamic mode ***
*** uWSGI is running in multiple interpreter mode ***
spawned uWSGI worker 1 (pid: 24367, cores: 2)
spawned uWSGI worker 2 (pid: 24368, cores: 2)
*** Starting uWSGI 2.0.11.1 (64bit) on [Thu Dec 24 14:01:45 2015] ***
compiled with version: 4.4.7 20120313 (Red Hat 4.4.7-11) on 21 July 2015 15:58:54
os: Linux-2.6.32-504.30.3.el6.x86_64 #1 SMP Wed Jul 15 10:13:09 UTC 2015
nodename: app
machine: x86_64
clock source: unix
pcre jit disabled
detected number of CPU cores: 2
current working directory: /home/xuanwen/appserver/my_flask
detected binary path: /usr/sbin/uwsgi
uWSGI running as root, you can use --uid/--gid/--chroot options
*** WARNING: you are running uWSGI as root !!! (use the --uid flag) *** 
*** WARNING: you are running uWSGI without its master process manager ***
your processes number limit is 30457
your memory page size is 4096 bytes
detected max file descriptor number: 65535
lock engine: pthread robust mutexes
thunder lock: disabled (you can enable it with --thunder-lock)
uwsgi socket 0 bound to TCP address 127.0.0.1:5001 fd 3
uwsgi socket 1 bound to UNIX address /tmp/uwsgi.sock fd 4
your server socket listen backlog is limited to 100 connections
your mercy for graceful operations on workers is 60 seconds
mapped 166144 bytes (162 KB) for 4 cores
*** Operational MODE: preforking+threaded ***
*** no app loaded. going in full dynamic mode ***
*** uWSGI is running in multiple interpreter mode ***
spawned uWSGI worker 1 (pid: 24562, cores: 2)
spawned uWSGI worker 2 (pid: 24563, cores: 2)
-- unavailable modifier requested: 0 --
-- unavailable modifier requested: 0 --
*** Starting uWSGI 2.0.11.1 (64bit) on [Thu Dec 24 15:52:49 2015] ***
compiled with version: 4.4.7 20120313 (Red Hat 4.4.7-11) on 21 July 2015 15:58:54
os: Linux-2.6.32-504.30.3.el6.x86_64 #1 SMP Wed Jul 15 10:13:09 UTC 2015
nodename: app
machine: x86_64
clock source: unix
pcre jit disabled
detected number of CPU cores: 2
current working directory: /home/xuanwen/appserver/my_flask
detected binary path: /usr/sbin/uwsgi
uWSGI running as root, you can use --uid/--gid/--chroot options
*** WARNING: you are running uWSGI as root !!! (use the --uid flag) *** 
chdir() to /home/xuanwen/appserver/my_flask
*** WARNING: you are running uWSGI without its master process manager ***
your processes number limit is 30457
your memory page size is 4096 bytes
detected max file descriptor number: 65535
lock engine: pthread robust mutexes
thunder lock: disabled (you can enable it with --thunder-lock)
uwsgi socket 0 bound to TCP address 127.0.0.1:5001 fd 3
uwsgi socket 1 bound to UNIX address /tmp/uwsgi.sock fd 4
your server socket listen backlog is limited to 100 connections
your mercy for graceful operations on workers is 60 seconds
mapped 166144 bytes (162 KB) for 4 cores
*** Operational MODE: preforking+threaded ***
*** no app loaded. going in full dynamic mode ***
*** uWSGI is running in multiple interpreter mode ***
spawned uWSGI worker 1 (pid: 25145, cores: 2)
spawned uWSGI worker 2 (pid: 25146, cores: 2)
-- unavailable modifier requested: 0 --
-- unavailable modifier requested: 0 --
-- unavailable modifier requested: 0 --
-- unavailable modifier requested: 0 --
-- unavailable modifier requested: 0 --
-- unavailable modifier requested: 0 --
-- unavailable modifier requested: 0 --
*** Starting uWSGI 2.0.11.1 (64bit) on [Thu Dec 24 16:07:34 2015] ***
compiled with version: 4.4.7 20120313 (Red Hat 4.4.7-11) on 21 July 2015 15:58:54
os: Linux-2.6.32-504.30.3.el6.x86_64 #1 SMP Wed Jul 15 10:13:09 UTC 2015
nodename: app
machine: x86_64
clock source: unix
pcre jit disabled
detected number of CPU cores: 2
current working directory: /home/xuanwen/appserver/my_flask
detected binary path: /usr/sbin/uwsgi
uWSGI running as root, you can use --uid/--gid/--chroot options
*** WARNING: you are running uWSGI as root !!! (use the --uid flag) *** 
chdir() to /home/xuanwen/appserver/my_flask
*** WARNING: you are running uWSGI without its master process manager ***
your processes number limit is 30457
your memory page size is 4096 bytes
detected max file descriptor number: 65535
lock engine: pthread robust mutexes
thunder lock: disabled (you can enable it with --thunder-lock)
uwsgi socket 0 bound to TCP address 127.0.0.1:5001 fd 3
uwsgi socket 1 bound to UNIX address /tmp/uwsgi.sock fd 4
your server socket listen backlog is limited to 100 connections
your mercy for graceful operations on workers is 60 seconds
mapped 166144 bytes (162 KB) for 4 cores
*** Operational MODE: preforking+threaded ***
*** no app loaded. going in full dynamic mode ***
*** uWSGI is running in multiple interpreter mode ***
spawned uWSGI worker 1 (pid: 25250, cores: 2)
spawned uWSGI worker 2 (pid: 25251, cores: 2)
-- unavailable modifier requested: 0 --
-- unavailable modifier requested: 0 --
-- unavailable modifier requested: 0 --
-- unavailable modifier requested: 0 --
-- unavailable modifier requested: 0 --
-- unavailable modifier requested: 0 --
*** Starting uWSGI 2.0.11.1 (64bit) on [Thu Dec 24 16:34:28 2015] ***
compiled with version: 4.4.7 20120313 (Red Hat 4.4.7-11) on 21 July 2015 15:58:54
os: Linux-2.6.32-504.30.3.el6.x86_64 #1 SMP Wed Jul 15 10:13:09 UTC 2015
nodename: app
machine: x86_64
clock source: unix
pcre jit disabled
detected number of CPU cores: 2
current working directory: /home/xuanwen/appserver/my_flask
detected binary path: /usr/sbin/uwsgi
uWSGI running as root, you can use --uid/--gid/--chroot options
*** WARNING: you are running uWSGI as root !!! (use the --uid flag) *** 
chdir() to /home/xuanwen/appserver/my_flask
*** WARNING: you are running uWSGI without its master process manager ***
your processes number limit is 30457
your memory page size is 4096 bytes
detected max file descriptor number: 65535
lock engine: pthread robust mutexes
thunder lock: disabled (you can enable it with --thunder-lock)
probably another instance of uWSGI is running on the same address (127.0.0.1:5001).
bind(): Address already in use [core/socket.c line 764]
*** Starting uWSGI 2.0.11.1 (64bit) on [Thu Dec 24 16:35:11 2015] ***
compiled with version: 4.4.7 20120313 (Red Hat 4.4.7-11) on 21 July 2015 15:58:54
os: Linux-2.6.32-504.30.3.el6.x86_64 #1 SMP Wed Jul 15 10:13:09 UTC 2015
nodename: app
machine: x86_64
clock source: unix
pcre jit disabled
detected number of CPU cores: 2
current working directory: /home/xuanwen/appserver/my_flask
detected binary path: /usr/sbin/uwsgi
uWSGI running as root, you can use --uid/--gid/--chroot options
*** WARNING: you are running uWSGI as root !!! (use the --uid flag) *** 
chdir() to /home/xuanwen/appserver/my_flask
*** WARNING: you are running uWSGI without its master process manager ***
your processes number limit is 30457
your memory page size is 4096 bytes
detected max file descriptor number: 65535
lock engine: pthread robust mutexes
thunder lock: disabled (you can enable it with --thunder-lock)
uwsgi socket 0 bound to TCP address 127.0.0.1:5001 fd 3
uwsgi socket 1 bound to UNIX address /tmp/uwsgi.sock fd 4
your server socket listen backlog is limited to 100 connections
your mercy for graceful operations on workers is 60 seconds
mapped 166144 bytes (162 KB) for 4 cores
*** Operational MODE: preforking+threaded ***
*** no app loaded. going in full dynamic mode ***
*** uWSGI is running in multiple interpreter mode ***
spawned uWSGI worker 1 (pid: 26514, cores: 2)
spawned uWSGI worker 2 (pid: 26515, cores: 2)
-- unavailable modifier requested: 0 --
-- unavailable modifier requested: 0 --
-- unavailable modifier requested: 0 --
-- unavailable modifier requested: 0 --
-- unavailable modifier requested: 0 --
-- unavailable modifier requested: 0 --
-- unavailable modifier requested: 0 --
-- unavailable modifier requested: 0 --
*** Starting uWSGI 2.0.11.1 (64bit) on [Thu Dec 24 16:37:09 2015] ***
compiled with version: 4.4.7 20120313 (Red Hat 4.4.7-11) on 21 July 2015 15:58:54
os: Linux-2.6.32-504.30.3.el6.x86_64 #1 SMP Wed Jul 15 10:13:09 UTC 2015
nodename: app
machine: x86_64
clock source: unix
pcre jit disabled
detected number of CPU cores: 2
current working directory: /home/xuanwen/appserver/my_flask
detected binary path: /usr/sbin/uwsgi
uWSGI running as root, you can use --uid/--gid/--chroot options
*** WARNING: you are running uWSGI as root !!! (use the --uid flag) *** 
chdir() to /home/xuanwen/appserver/my_flask
*** WARNING: you are running uWSGI without its master process manager ***
your processes number limit is 30457
your memory page size is 4096 bytes
detected max file descriptor number: 65535
lock engine: pthread robust mutexes
thunder lock: disabled (you can enable it with --thunder-lock)
uwsgi socket 0 bound to TCP address 127.0.0.1:5001 fd 3
uwsgi socket 1 bound to UNIX address /tmp/uwsgi.sock fd 4
your server socket listen backlog is limited to 100 connections
your mercy for graceful operations on workers is 60 seconds
mapped 166144 bytes (162 KB) for 4 cores
*** Operational MODE: preforking+threaded ***
*** no app loaded. going in full dynamic mode ***
*** uWSGI is running in multiple interpreter mode ***
spawned uWSGI worker 1 (pid: 26532, cores: 2)
spawned uWSGI worker 2 (pid: 26533, cores: 2)
-- unavailable modifier requested: 0 --
*** Starting uWSGI 2.0.11.1 (64bit) on [Thu Dec 24 16:39:28 2015] ***
compiled with version: 4.4.7 20120313 (Red Hat 4.4.7-11) on 21 July 2015 15:58:54
os: Linux-2.6.32-504.30.3.el6.x86_64 #1 SMP Wed Jul 15 10:13:09 UTC 2015
nodename: app
machine: x86_64
clock source: unix
pcre jit disabled
detected number of CPU cores: 2
current working directory: /home/xuanwen/appserver/my_flask
detected binary path: /usr/sbin/uwsgi
uWSGI running as root, you can use --uid/--gid/--chroot options
*** WARNING: you are running uWSGI as root !!! (use the --uid flag) *** 
chdir() to /home/xuanwen/appserver/my_flask
*** WARNING: you are running uWSGI without its master process manager ***
your processes number limit is 30457
your memory page size is 4096 bytes
detected max file descriptor number: 65535
lock engine: pthread robust mutexes
thunder lock: disabled (you can enable it with --thunder-lock)
uwsgi socket 0 bound to TCP address 127.0.0.1:5001 fd 3
uwsgi socket 1 bound to UNIX address /tmp/uwsgi.sock fd 4
your server socket listen backlog is limited to 100 connections
your mercy for graceful operations on workers is 60 seconds
mapped 166144 bytes (162 KB) for 4 cores
*** Operational MODE: preforking+threaded ***
*** no app loaded. going in full dynamic mode ***
*** uWSGI is running in multiple interpreter mode ***
spawned uWSGI worker 1 (pid: 26544, cores: 2)
spawned uWSGI worker 2 (pid: 26545, cores: 2)
-- unavailable modifier requested: 0 --
-- unavailable modifier requested: 0 --
*** Starting uWSGI 2.0.11.1 (64bit) on [Thu Dec 24 16:40:24 2015] ***
compiled with version: 4.4.7 20120313 (Red Hat 4.4.7-11) on 21 July 2015 15:58:54
os: Linux-2.6.32-504.30.3.el6.x86_64 #1 SMP Wed Jul 15 10:13:09 UTC 2015
nodename: app
machine: x86_64
clock source: unix
pcre jit disabled
detected number of CPU cores: 2
current working directory: /home/xuanwen/appserver/my_flask
detected binary path: /usr/sbin/uwsgi
uWSGI running as root, you can use --uid/--gid/--chroot options
*** WARNING: you are running uWSGI as root !!! (use the --uid flag) *** 
chdir() to /home/xuanwen/appserver/my_flask
*** WARNING: you are running uWSGI without its master process manager ***
your processes number limit is 30457
your memory page size is 4096 bytes
detected max file descriptor number: 65535
lock engine: pthread robust mutexes
thunder lock: disabled (you can enable it with --thunder-lock)
uwsgi socket 0 bound to TCP address 127.0.0.1:5001 fd 3
uwsgi socket 1 bound to UNIX address /tmp/uwsgi.sock fd 4
your server socket listen backlog is limited to 100 connections
your mercy for graceful operations on workers is 60 seconds
mapped 166144 bytes (162 KB) for 4 cores
*** Operational MODE: preforking+threaded ***
*** no app loaded. going in full dynamic mode ***
*** uWSGI is running in multiple interpreter mode ***
spawned uWSGI worker 1 (pid: 26552, cores: 2)
spawned uWSGI worker 2 (pid: 26553, cores: 2)
-- unavailable modifier requested: 0 --
*** Starting uWSGI 2.0.11.1 (64bit) on [Thu Dec 24 17:28:28 2015] ***
compiled with version: 4.4.7 20120313 (Red Hat 4.4.7-11) on 21 July 2015 15:58:54
os: Linux-2.6.32-504.30.3.el6.x86_64 #1 SMP Wed Jul 15 10:13:09 UTC 2015
nodename: app
machine: x86_64
clock source: unix
pcre jit disabled
detected number of CPU cores: 2
current working directory: /home/xuanwen/appserver/my_flask
detected binary path: /usr/sbin/uwsgi
uWSGI running as root, you can use --uid/--gid/--chroot options
*** WARNING: you are running uWSGI as root !!! (use the --uid flag) *** 
chdir() to /home/xuanwen/appserver/my_flask
*** WARNING: you are running uWSGI without its master process manager ***
your processes number limit is 30457
your memory page size is 4096 bytes
detected max file descriptor number: 65535
lock engine: pthread robust mutexes
thunder lock: disabled (you can enable it with --thunder-lock)
uwsgi socket 0 bound to TCP address 127.0.0.1:5001 fd 3
uwsgi socket 1 bound to UNIX address /tmp/uwsgi.sock fd 4
your server socket listen backlog is limited to 100 connections
your mercy for graceful operations on workers is 60 seconds
mapped 166144 bytes (162 KB) for 4 cores
*** Operational MODE: preforking+threaded ***
*** no app loaded. going in full dynamic mode ***
*** uWSGI is running in multiple interpreter mode ***
spawned uWSGI worker 1 (pid: 26723, cores: 2)
spawned uWSGI worker 2 (pid: 26724, cores: 2)
-- unavailable modifier requested: 0 --
-- unavailable modifier requested: 0 --
-- unavailable modifier requested: 0 --
*** Starting uWSGI 2.0.11.1 (64bit) on [Thu Dec 24 17:29:56 2015] ***
compiled with version: 4.4.7 20120313 (Red Hat 4.4.7-11) on 21 July 2015 15:58:54
os: Linux-2.6.32-504.30.3.el6.x86_64 #1 SMP Wed Jul 15 10:13:09 UTC 2015
nodename: app
machine: x86_64
clock source: unix
pcre jit disabled
detected number of CPU cores: 2
current working directory: /home/xuanwen/appserver/my_flask
detected binary path: /usr/sbin/uwsgi
uWSGI running as root, you can use --uid/--gid/--chroot options
*** WARNING: you are running uWSGI as root !!! (use the --uid flag) *** 
chdir() to /home/xuanwen/appserver/my_flask
*** WARNING: you are running uWSGI without its master process manager ***
your processes number limit is 30457
your memory page size is 4096 bytes
detected max file descriptor number: 65535
lock engine: pthread robust mutexes
thunder lock: disabled (you can enable it with --thunder-lock)
uwsgi socket 0 bound to TCP address 127.0.0.1:5001 fd 3
uwsgi socket 1 bound to UNIX address /tmp/uwsgi.sock fd 4
your server socket listen backlog is limited to 100 connections
your mercy for graceful operations on workers is 60 seconds
mapped 166144 bytes (162 KB) for 4 cores
*** Operational MODE: preforking+threaded ***
*** no app loaded. going in full dynamic mode ***
*** uWSGI is running in multiple interpreter mode ***
spawned uWSGI worker 1 (pid: 26734, cores: 2)
spawned uWSGI worker 2 (pid: 26735, cores: 2)
-- unavailable modifier requested: 0 --
*** Starting uWSGI 2.0.11.2 (64bit) on [Thu Dec 24 17:33:56 2015] ***
compiled with version: 4.4.7 20120313 (Red Hat 4.4.7-16) on 24 December 2015 17:32:39
os: Linux-2.6.32-504.30.3.el6.x86_64 #1 SMP Wed Jul 15 10:13:09 UTC 2015
nodename: app
machine: x86_64
clock source: unix
pcre jit disabled
detected number of CPU cores: 2
current working directory: /home/xuanwen/appserver/my_flask
detected binary path: /home/xuanwen/appserver/my_flask/venv/bin/uwsgi
uWSGI running as root, you can use --uid/--gid/--chroot options
*** WARNING: you are running uWSGI as root !!! (use the --uid flag) *** 
chdir() to /home/xuanwen/appserver/my_flask
*** WARNING: you are running uWSGI without its master process manager ***
your processes number limit is 30457
your memory page size is 4096 bytes
detected max file descriptor number: 65535
lock engine: pthread robust mutexes
thunder lock: disabled (you can enable it with --thunder-lock)
uwsgi socket 0 bound to TCP address 127.0.0.1:5001 fd 3
uwsgi socket 1 bound to UNIX address /tmp/uwsgi.sock fd 4
Python version: 2.7.6 (default, Aug 26 2015, 15:31:59)  [GCC 4.4.7 20120313 (Red Hat 4.4.7-16)]
Python main interpreter initialized at 0x219e9e0
python threads support enabled
your server socket listen backlog is limited to 100 connections
your mercy for graceful operations on workers is 60 seconds
mapped 166144 bytes (162 KB) for 4 cores
*** Operational MODE: preforking+threaded ***
added /home/xuanwen/appserver/my_flask/ to pythonpath.
unable to load app 0 (mountpoint='') (callable not found or import error)
failed to open python file manager.py
unable to load app 0 (mountpoint='') (callable not found or import error)
*** no app loaded. going in full dynamic mode ***
*** uWSGI is running in multiple interpreter mode ***
spawned uWSGI worker 1 (pid: 27211, cores: 2)
spawned uWSGI worker 2 (pid: 27214, cores: 2)
--- no python application found, check your startup logs for errors ---
[pid: 27214|app: -1|req: -1/1] 124.205.216.229 () {38 vars in 628 bytes} [Thu Dec 24 17:34:04 2015] GET / => generated 21 bytes in 0 msecs (HTTP/1.1 500) 2 headers in 83 bytes (0 switches on core 0)
--- no python application found, check your startup logs for errors ---
[pid: 27211|app: -1|req: -1/2] 124.205.216.229 () {38 vars in 628 bytes} [Thu Dec 24 17:34:09 2015] GET / => generated 21 bytes in 0 msecs (HTTP/1.1 500) 2 headers in 83 bytes (0 switches on core 0)
--- no python application found, check your startup logs for errors ---
[pid: 27211|app: -1|req: -1/3] 124.205.216.229 () {38 vars in 628 bytes} [Thu Dec 24 17:34:11 2015] GET / => generated 21 bytes in 0 msecs (HTTP/1.1 500) 2 headers in 83 bytes (0 switches on core 1)
--- no python application found, check your startup logs for errors ---
[pid: 27211|app: -1|req: -1/4] 124.205.216.229 () {38 vars in 628 bytes} [Thu Dec 24 17:34:13 2015] GET / => generated 21 bytes in 0 msecs (HTTP/1.1 500) 2 headers in 83 bytes (0 switches on core 0)
--- no python application found, check your startup logs for errors ---
[pid: 27211|app: -1|req: -1/5] 124.205.216.229 () {38 vars in 628 bytes} [Thu Dec 24 17:34:14 2015] GET / => generated 21 bytes in 0 msecs (HTTP/1.1 500) 2 headers in 83 bytes (0 switches on core 1)
*** Starting uWSGI 2.0.11.2 (64bit) on [Thu Dec 24 17:35:15 2015] ***
compiled with version: 4.4.7 20120313 (Red Hat 4.4.7-16) on 24 December 2015 17:32:39
os: Linux-2.6.32-504.30.3.el6.x86_64 #1 SMP Wed Jul 15 10:13:09 UTC 2015
nodename: app
machine: x86_64
clock source: unix
pcre jit disabled
detected number of CPU cores: 2
current working directory: /home/xuanwen/appserver/my_flask
detected binary path: /home/xuanwen/appserver/my_flask/venv/bin/uwsgi
uWSGI running as root, you can use --uid/--gid/--chroot options
*** WARNING: you are running uWSGI as root !!! (use the --uid flag) *** 
chdir() to /home/xuanwen/appserver/my_flask
*** WARNING: you are running uWSGI without its master process manager ***
your processes number limit is 30457
your memory page size is 4096 bytes
detected max file descriptor number: 65535
lock engine: pthread robust mutexes
thunder lock: disabled (you can enable it with --thunder-lock)
uwsgi socket 0 bound to TCP address 127.0.0.1:5001 fd 3
uwsgi socket 1 bound to UNIX address /tmp/uwsgi.sock fd 4
Python version: 2.7.6 (default, Aug 26 2015, 15:31:59)  [GCC 4.4.7 20120313 (Red Hat 4.4.7-16)]
Python main interpreter initialized at 0xf6b9e0
python threads support enabled
your server socket listen backlog is limited to 100 connections
your mercy for graceful operations on workers is 60 seconds
mapped 166144 bytes (162 KB) for 4 cores
*** Operational MODE: preforking+threaded ***
added /home/xuanwen/appserver/my_flask/ to pythonpath.
unable to load app 0 (mountpoint='') (callable not found or import error)
failed to open python file manager.py
unable to load app 0 (mountpoint='') (callable not found or import error)
*** no app loaded. going in full dynamic mode ***
*** uWSGI is running in multiple interpreter mode ***
spawned uWSGI worker 1 (pid: 27220, cores: 2)
spawned uWSGI worker 2 (pid: 27223, cores: 2)
--- no python application found, check your startup logs for errors ---
[pid: 27223|app: -1|req: -1/1] 124.205.216.229 () {38 vars in 628 bytes} [Thu Dec 24 17:35:18 2015] GET / => generated 21 bytes in 0 msecs (HTTP/1.1 500) 2 headers in 83 bytes (0 switches on core 0)
--- no python application found, check your startup logs for errors ---
[pid: 27220|app: -1|req: -1/2] 124.205.216.229 () {38 vars in 628 bytes} [Thu Dec 24 17:35:19 2015] GET / => generated 21 bytes in 0 msecs (HTTP/1.1 500) 2 headers in 83 bytes (0 switches on core 0)
--- no python application found, check your startup logs for errors ---
[pid: 27220|app: -1|req: -1/3] 124.205.216.229 () {38 vars in 628 bytes} [Thu Dec 24 17:35:20 2015] GET / => generated 21 bytes in 0 msecs (HTTP/1.1 500) 2 headers in 83 bytes (0 switches on core 1)
*** Starting uWSGI 2.0.11.2 (64bit) on [Thu Dec 24 17:36:14 2015] ***
compiled with version: 4.4.7 20120313 (Red Hat 4.4.7-16) on 24 December 2015 17:32:39
os: Linux-2.6.32-504.30.3.el6.x86_64 #1 SMP Wed Jul 15 10:13:09 UTC 2015
nodename: app
machine: x86_64
clock source: unix
pcre jit disabled
detected number of CPU cores: 2
current working directory: /home/xuanwen/appserver/my_flask
detected binary path: /home/xuanwen/appserver/my_flask/venv/bin/uwsgi
uWSGI running as root, you can use --uid/--gid/--chroot options
*** WARNING: you are running uWSGI as root !!! (use the --uid flag) *** 
chdir() to /home/xuanwen/appserver/my_flask
*** WARNING: you are running uWSGI without its master process manager ***
your processes number limit is 30457
your memory page size is 4096 bytes
detected max file descriptor number: 65535
lock engine: pthread robust mutexes
thunder lock: disabled (you can enable it with --thunder-lock)
uwsgi socket 0 bound to TCP address 127.0.0.1:5001 fd 3
uwsgi socket 1 bound to UNIX address /tmp/uwsgi.sock fd 4
Python version: 2.7.6 (default, Aug 26 2015, 15:31:59)  [GCC 4.4.7 20120313 (Red Hat 4.4.7-16)]
Python main interpreter initialized at 0x1891a10
python threads support enabled
your server socket listen backlog is limited to 100 connections
your mercy for graceful operations on workers is 60 seconds
mapped 166144 bytes (162 KB) for 4 cores
*** Operational MODE: preforking+threaded ***
added /home/xuanwen/appserver/my_flask/venv/ to pythonpath.
unable to load app 0 (mountpoint='') (callable not found or import error)
failed to open python file manager.py
unable to load app 0 (mountpoint='') (callable not found or import error)
*** no app loaded. going in full dynamic mode ***
*** uWSGI is running in multiple interpreter mode ***
spawned uWSGI worker 1 (pid: 27230, cores: 2)
spawned uWSGI worker 2 (pid: 27233, cores: 2)
--- no python application found, check your startup logs for errors ---
[pid: 27230|app: -1|req: -1/1] 124.205.216.229 () {38 vars in 628 bytes} [Thu Dec 24 17:36:19 2015] GET / => generated 21 bytes in 0 msecs (HTTP/1.1 500) 2 headers in 83 bytes (0 switches on core 0)
--- no python application found, check your startup logs for errors ---
[pid: 27233|app: -1|req: -1/2] 124.205.216.229 () {38 vars in 628 bytes} [Thu Dec 24 17:36:20 2015] GET / => generated 21 bytes in 0 msecs (HTTP/1.1 500) 2 headers in 83 bytes (0 switches on core 0)
*** Starting uWSGI 2.0.11.2 (64bit) on [Thu Dec 24 17:36:28 2015] ***
compiled with version: 4.4.7 20120313 (Red Hat 4.4.7-16) on 24 December 2015 17:32:39
os: Linux-2.6.32-504.30.3.el6.x86_64 #1 SMP Wed Jul 15 10:13:09 UTC 2015
nodename: app
machine: x86_64
clock source: unix
pcre jit disabled
detected number of CPU cores: 2
current working directory: /home/xuanwen/appserver/my_flask
detected binary path: /home/xuanwen/appserver/my_flask/venv/bin/uwsgi
uWSGI running as root, you can use --uid/--gid/--chroot options
*** WARNING: you are running uWSGI as root !!! (use the --uid flag) *** 
chdir() to /home/xuanwen/appserver/my_flask
*** WARNING: you are running uWSGI without its master process manager ***
your processes number limit is 30457
your memory page size is 4096 bytes
detected max file descriptor number: 65535
lock engine: pthread robust mutexes
thunder lock: disabled (you can enable it with --thunder-lock)
uwsgi socket 0 bound to TCP address 127.0.0.1:5001 fd 3
uwsgi socket 1 bound to UNIX address /tmp/uwsgi.sock fd 4
Python version: 2.7.6 (default, Aug 26 2015, 15:31:59)  [GCC 4.4.7 20120313 (Red Hat 4.4.7-16)]
Python main interpreter initialized at 0x2881a10
python threads support enabled
your server socket listen backlog is limited to 100 connections
your mercy for graceful operations on workers is 60 seconds
mapped 166144 bytes (162 KB) for 4 cores
*** Operational MODE: preforking+threaded ***
added /home/xuanwen/appserver/my_flask/venv/ to pythonpath.
unable to load app 0 (mountpoint='') (callable not found or import error)
failed to open python file manager.py
unable to load app 0 (mountpoint='') (callable not found or import error)
*** no app loaded. going in full dynamic mode ***
*** uWSGI is running in multiple interpreter mode ***
spawned uWSGI worker 1 (pid: 27236, cores: 2)
spawned uWSGI worker 2 (pid: 27239, cores: 2)
*** Starting uWSGI 2.0.11.2 (64bit) on [Thu Dec 24 17:38:01 2015] ***
compiled with version: 4.4.7 20120313 (Red Hat 4.4.7-16) on 24 December 2015 17:32:39
os: Linux-2.6.32-504.30.3.el6.x86_64 #1 SMP Wed Jul 15 10:13:09 UTC 2015
nodename: app
machine: x86_64
clock source: unix
pcre jit disabled
detected number of CPU cores: 2
current working directory: /home/xuanwen/appserver/my_flask
detected binary path: /home/xuanwen/appserver/my_flask/venv/bin/uwsgi
uWSGI running as root, you can use --uid/--gid/--chroot options
*** WARNING: you are running uWSGI as root !!! (use the --uid flag) *** 
*** WARNING: you are running uWSGI without its master process manager ***
your processes number limit is 30457
your memory page size is 4096 bytes
detected max file descriptor number: 65535
lock engine: pthread robust mutexes
thunder lock: disabled (you can enable it with --thunder-lock)
uwsgi socket 0 bound to TCP address 127.0.0.1:5001 fd 3
uwsgi socket 1 bound to UNIX address /tmp/uwsgi.sock fd 4
Python version: 2.7.6 (default, Aug 26 2015, 15:31:59)  [GCC 4.4.7 20120313 (Red Hat 4.4.7-16)]
Set PythonHome to /home/xuanwen/appserver/my_flask/venv
Python main interpreter initialized at 0x1f3ba10
python threads support enabled
your server socket listen backlog is limited to 100 connections
your mercy for graceful operations on workers is 60 seconds
mapped 166144 bytes (162 KB) for 4 cores
*** Operational MODE: preforking+threaded ***
added /home/xuanwen/appserver/my_flask/ to pythonpath.
unable to load app 0 (mountpoint='') (callable not found or import error)
failed to open python file manager.py
unable to load app 0 (mountpoint='') (callable not found or import error)
*** no app loaded. going in full dynamic mode ***
*** uWSGI is running in multiple interpreter mode ***
spawned uWSGI worker 1 (pid: 27245, cores: 2)
spawned uWSGI worker 2 (pid: 27248, cores: 2)
--- no python application found, check your startup logs for errors ---
[pid: 27248|app: -1|req: -1/1] 124.205.216.229 () {38 vars in 629 bytes} [Thu Dec 24 17:38:04 2015] GET / => generated 21 bytes in 0 msecs (HTTP/1.1 500) 2 headers in 83 bytes (0 switches on core 0)
--- no python application found, check your startup logs for errors ---
[pid: 27248|app: -1|req: -1/2] 124.205.216.229 () {38 vars in 629 bytes} [Thu Dec 24 17:38:05 2015] GET / => generated 21 bytes in 0 msecs (HTTP/1.1 500) 2 headers in 83 bytes (0 switches on core 1)
--- no python application found, check your startup logs for errors ---
[pid: 27248|app: -1|req: -1/3] 124.205.216.229 () {38 vars in 629 bytes} [Thu Dec 24 17:38:06 2015] GET / => generated 21 bytes in 0 msecs (HTTP/1.1 500) 2 headers in 83 bytes (0 switches on core 0)
--- no python application found, check your startup logs for errors ---
[pid: 27245|app: -1|req: -1/4] 124.205.216.229 () {38 vars in 629 bytes} [Thu Dec 24 17:38:07 2015] GET / => generated 21 bytes in 0 msecs (HTTP/1.1 500) 2 headers in 83 bytes (0 switches on core 0)
*** Starting uWSGI 2.0.11.2 (64bit) on [Thu Dec 24 17:38:37 2015] ***
compiled with version: 4.4.7 20120313 (Red Hat 4.4.7-16) on 24 December 2015 17:32:39
os: Linux-2.6.32-504.30.3.el6.x86_64 #1 SMP Wed Jul 15 10:13:09 UTC 2015
nodename: app
machine: x86_64
clock source: unix
pcre jit disabled
detected number of CPU cores: 2
current working directory: /home/xuanwen/appserver/my_flask
detected binary path: /home/xuanwen/appserver/my_flask/venv/bin/uwsgi
uWSGI running as root, you can use --uid/--gid/--chroot options
*** WARNING: you are running uWSGI as root !!! (use the --uid flag) *** 
*** WARNING: you are running uWSGI without its master process manager ***
your processes number limit is 30457
your memory page size is 4096 bytes
detected max file descriptor number: 65535
lock engine: pthread robust mutexes
thunder lock: disabled (you can enable it with --thunder-lock)
uwsgi socket 0 bound to TCP address 127.0.0.1:5001 fd 3
uwsgi socket 1 bound to UNIX address /tmp/uwsgi.sock fd 4
Python version: 2.7.6 (default, Aug 26 2015, 15:31:59)  [GCC 4.4.7 20120313 (Red Hat 4.4.7-16)]
Set PythonHome to /home/xuanwen/appserver/my_flask/venv
Python main interpreter initialized at 0x1a36a10
python threads support enabled
your server socket listen backlog is limited to 100 connections
your mercy for graceful operations on workers is 60 seconds
mapped 166144 bytes (162 KB) for 4 cores
*** Operational MODE: preforking+threaded ***
added /home/xuanwen/appserver/my_flask/ to pythonpath.
unable to load app 0 (mountpoint='') (callable not found or import error)
failed to open python file manager.py
unable to load app 0 (mountpoint='') (callable not found or import error)
*** no app loaded. going in full dynamic mode ***
*** uWSGI is running in multiple interpreter mode ***
spawned uWSGI worker 1 (pid: 27253, cores: 2)
spawned uWSGI worker 2 (pid: 27256, cores: 2)
--- no python application found, check your startup logs for errors ---
[pid: 27256|app: -1|req: -1/1] 124.205.216.229 () {38 vars in 629 bytes} [Thu Dec 24 17:38:43 2015] GET / => generated 21 bytes in 0 msecs (HTTP/1.1 500) 2 headers in 83 bytes (0 switches on core 0)
--- no python application found, check your startup logs for errors ---
[pid: 27256|app: -1|req: -1/2] 124.205.216.229 () {38 vars in 629 bytes} [Thu Dec 24 17:39:08 2015] GET / => generated 21 bytes in 0 msecs (HTTP/1.1 500) 2 headers in 83 bytes (0 switches on core 1)
--- no python application found, check your startup logs for errors ---
[pid: 27256|app: -1|req: -1/3] 124.205.216.229 () {38 vars in 629 bytes} [Thu Dec 24 17:39:09 2015] GET / => generated 21 bytes in 0 msecs (HTTP/1.1 500) 2 headers in 83 bytes (0 switches on core 0)
--- no python application found, check your startup logs for errors ---
[pid: 27253|app: -1|req: -1/4] 124.205.216.229 () {38 vars in 629 bytes} [Thu Dec 24 17:39:10 2015] GET / => generated 21 bytes in 0 msecs (HTTP/1.1 500) 2 headers in 83 bytes (0 switches on core 0)
WSGI app 0 (mountpoint='') ready in 0 seconds on interpreter 0x1a36a10 pid: 27256 (default app)
[pid: 27256|app: 0|req: 1/5] 124.205.216.229 () {44 vars in 755 bytes} [Thu Dec 24 17:40:48 2015] GET / => generated 5 bytes in 3 msecs (HTTP/1.1 200) 2 headers in 78 bytes (1 switches on core 1)
WSGI app 0 (mountpoint='') ready in 0 seconds on interpreter 0x1a36a10 pid: 27253 (default app)
[pid: 27253|app: 0|req: 1/6] 124.205.216.229 () {44 vars in 755 bytes} [Thu Dec 24 17:40:50 2015] GET / => generated 5 bytes in 1 msecs (HTTP/1.1 200) 2 headers in 78 bytes (1 switches on core 1)
[pid: 27256|app: 0|req: 2/7] 124.205.216.229 () {44 vars in 755 bytes} [Thu Dec 24 17:40:51 2015] GET / => generated 5 bytes in 0 msecs (HTTP/1.1 200) 2 headers in 78 bytes (1 switches on core 0)
[pid: 27253|app: 0|req: 2/8] 124.205.216.229 () {44 vars in 755 bytes} [Thu Dec 24 17:40:52 2015] GET / => generated 5 bytes in 0 msecs (HTTP/1.1 200) 2 headers in 78 bytes (1 switches on core 0)
[pid: 27256|app: 0|req: 3/9] 124.205.216.229 () {44 vars in 755 bytes} [Thu Dec 24 17:40:58 2015] GET / => generated 5 bytes in 0 msecs (HTTP/1.1 200) 2 headers in 78 bytes (1 switches on core 1)
[pid: 27253|app: 0|req: 3/10] 124.205.216.229 () {42 vars in 730 bytes} [Thu Dec 24 17:41:03 2015] GET /dfs => generated 12 bytes in 6 msecs (HTTP/1.1 404) 2 headers in 86 bytes (1 switches on core 0)
[pid: 27256|app: 0|req: 4/11] 124.205.216.229 () {44 vars in 761 bytes} [Thu Dec 24 17:41:06 2015] GET /dfs => generated 12 bytes in 5 msecs (HTTP/1.1 404) 2 headers in 86 bytes (1 switches on core 0)
[pid: 27253|app: 0|req: 4/12] 124.205.216.229 () {44 vars in 761 bytes} [Thu Dec 24 17:41:15 2015] GET /dfs => generated 12 bytes in 1 msecs (HTTP/1.1 404) 2 headers in 86 bytes (1 switches on core 1)
[pid: 27253|app: 0|req: 5/13] 124.205.216.229 () {42 vars in 724 bytes} [Thu Dec 24 17:41:21 2015] GET / => generated 5 bytes in 0 msecs (HTTP/1.1 200) 2 headers in 78 bytes (1 switches on core 0)
[pid: 27253|app: 0|req: 6/14] 124.205.216.229 () {44 vars in 755 bytes} [Thu Dec 24 17:41:25 2015] GET / => generated 5 bytes in 0 msecs (HTTP/1.1 200) 2 headers in 78 bytes (1 switches on core 1)
[pid: 27256|app: 0|req: 5/15] 124.205.216.229 () {44 vars in 755 bytes} [Thu Dec 24 17:41:26 2015] GET / => generated 5 bytes in 0 msecs (HTTP/1.1 200) 2 headers in 78 bytes (1 switches on core 1)
[pid: 27256|app: 0|req: 6/16] 124.205.216.229 () {44 vars in 755 bytes} [Thu Dec 24 17:41:27 2015] GET / => generated 5 bytes in 0 msecs (HTTP/1.1 200) 2 headers in 78 bytes (1 switches on core 0)
[pid: 27256|app: 0|req: 7/17] 124.205.216.229 () {44 vars in 755 bytes} [Thu Dec 24 17:41:28 2015] GET / => generated 5 bytes in 0 msecs (HTTP/1.1 200) 2 headers in 78 bytes (1 switches on core 1)
[pid: 27256|app: 0|req: 8/18] 124.205.216.229 () {44 vars in 755 bytes} [Thu Dec 24 17:41:29 2015] GET / => generated 5 bytes in 0 msecs (HTTP/1.1 200) 2 headers in 78 bytes (1 switches on core 0)
[pid: 27253|app: 0|req: 7/19] 124.205.216.229 () {44 vars in 755 bytes} [Thu Dec 24 17:41:30 2015] GET / => generated 5 bytes in 0 msecs (HTTP/1.1 200) 2 headers in 78 bytes (1 switches on core 0)
*** Starting uWSGI 2.0.11.2 (64bit) on [Thu Dec 24 17:45:50 2015] ***
compiled with version: 4.4.7 20120313 (Red Hat 4.4.7-16) on 24 December 2015 17:32:39
os: Linux-2.6.32-504.30.3.el6.x86_64 #1 SMP Wed Jul 15 10:13:09 UTC 2015
nodename: app
machine: x86_64
clock source: unix
pcre jit disabled
detected number of CPU cores: 2
current working directory: /home/xuanwen/appserver/my_flask
detected binary path: /home/xuanwen/appserver/my_flask/venv/bin/uwsgi
uWSGI running as root, you can use --uid/--gid/--chroot options
*** WARNING: you are running uWSGI as root !!! (use the --uid flag) *** 
*** WARNING: you are running uWSGI without its master process manager ***
your processes number limit is 30457
your memory page size is 4096 bytes
detected max file descriptor number: 65535
lock engine: pthread robust mutexes
thunder lock: disabled (you can enable it with --thunder-lock)
uwsgi socket 0 bound to TCP address 127.0.0.1:5001 fd 3
uwsgi socket 1 bound to UNIX address /tmp/uwsgi.sock fd 4
Python version: 2.7.6 (default, Aug 26 2015, 15:31:59)  [GCC 4.4.7 20120313 (Red Hat 4.4.7-16)]
Set PythonHome to /home/xuanwen/appserver/my_flask/venv
Python main interpreter initialized at 0x21a0a10
python threads support enabled
your server socket listen backlog is limited to 100 connections
your mercy for graceful operations on workers is 60 seconds
mapped 166144 bytes (162 KB) for 4 cores
*** Operational MODE: preforking+threaded ***
added /home/xuanwen/appserver/my_flask/ to pythonpath.
unable to load app 0 (mountpoint='') (callable not found or import error)
failed to open python file manager.py
unable to load app 0 (mountpoint='') (callable not found or import error)
*** no app loaded. going in full dynamic mode ***
*** uWSGI is running in multiple interpreter mode ***
spawned uWSGI worker 1 (pid: 27284, cores: 2)
spawned uWSGI worker 2 (pid: 27287, cores: 2)
WSGI app 0 (mountpoint='') ready in 0 seconds on interpreter 0x21a0a10 pid: 27284 (default app)
[pid: 27284|app: 0|req: 1/1] 124.205.216.229 () {44 vars in 755 bytes} [Thu Dec 24 17:45:53 2015] GET / => generated 5 bytes in 17 msecs (HTTP/1.1 200) 2 headers in 78 bytes (1 switches on core 0)
WSGI app 0 (mountpoint='') ready in 0 seconds on interpreter 0x21a0a10 pid: 27287 (default app)
[pid: 27287|app: 0|req: 1/2] 124.205.216.229 () {42 vars in 730 bytes} [Thu Dec 24 17:45:56 2015] GET /sdf => generated 12 bytes in 19 msecs (HTTP/1.1 404) 2 headers in 86 bytes (1 switches on core 0)
*** Starting uWSGI 2.0.11.2 (64bit) on [Thu Dec 24 17:52:17 2015] ***
compiled with version: 4.4.7 20120313 (Red Hat 4.4.7-16) on 24 December 2015 17:32:39
os: Linux-2.6.32-504.30.3.el6.x86_64 #1 SMP Wed Jul 15 10:13:09 UTC 2015
nodename: app
machine: x86_64
clock source: unix
pcre jit disabled
detected number of CPU cores: 2
current working directory: /home/xuanwen/appserver/my_flask
detected binary path: /home/xuanwen/appserver/my_flask/venv/bin/uwsgi
uWSGI running as root, you can use --uid/--gid/--chroot options
*** WARNING: you are running uWSGI as root !!! (use the --uid flag) *** 
*** WARNING: you are running uWSGI without its master process manager ***
your processes number limit is 30457
your memory page size is 4096 bytes
detected max file descriptor number: 65535
lock engine: pthread robust mutexes
thunder lock: disabled (you can enable it with --thunder-lock)
uwsgi socket 0 bound to TCP address 127.0.0.1:5001 fd 3
uwsgi socket 1 bound to UNIX address /tmp/uwsgi.sock fd 4
Python version: 2.7.6 (default, Aug 26 2015, 15:31:59)  [GCC 4.4.7 20120313 (Red Hat 4.4.7-16)]
Set PythonHome to /home/xuanwen/appserver/my_flask/venv
Python main interpreter initialized at 0x22d99d0
python threads support enabled
your server socket listen backlog is limited to 100 connections
your mercy for graceful operations on workers is 60 seconds
mapped 166144 bytes (162 KB) for 4 cores
*** Operational MODE: preforking+threaded ***
added /home/xuanwen/appserver/my_flask/ to pythonpath.
unable to load app 0 (mountpoint='') (callable not found or import error)
failed to open python file manager.py
unable to load app 0 (mountpoint='') (callable not found or import error)
*** no app loaded. going in full dynamic mode ***
*** uWSGI is running in multiple interpreter mode ***
spawned uWSGI worker 1 (pid: 27369, cores: 2)
spawned uWSGI worker 2 (pid: 27372, cores: 2)
WSGI app 0 (mountpoint='') ready in 0 seconds on interpreter 0x22d99d0 pid: 27369 (default app)
[pid: 27369|app: 0|req: 1/1] 124.205.216.229 () {44 vars in 761 bytes} [Thu Dec 24 17:52:21 2015] GET /sdf => generated 12 bytes in 22 msecs (HTTP/1.1 404) 2 headers in 86 bytes (1 switches on core 0)
WSGI app 0 (mountpoint='') ready in 0 seconds on interpreter 0x22d99d0 pid: 27372 (default app)
[pid: 27372|app: 0|req: 1/2] 124.205.216.229 () {42 vars in 724 bytes} [Thu Dec 24 17:52:24 2015] GET / => generated 5 bytes in 16 msecs (HTTP/1.1 200) 2 headers in 78 bytes (1 switches on core 0)
*** Starting uWSGI 2.0.11.2 (64bit) on [Thu Dec 24 17:54:43 2015] ***
compiled with version: 4.4.7 20120313 (Red Hat 4.4.7-16) on 24 December 2015 17:32:39
os: Linux-2.6.32-504.30.3.el6.x86_64 #1 SMP Wed Jul 15 10:13:09 UTC 2015
nodename: app
machine: x86_64
clock source: unix
pcre jit disabled
detected number of CPU cores: 2
current working directory: /home/xuanwen/appserver/my_flask
detected binary path: /home/xuanwen/appserver/my_flask/venv/bin/uwsgi
uWSGI running as root, you can use --uid/--gid/--chroot options
*** WARNING: you are running uWSGI as root !!! (use the --uid flag) *** 
*** WARNING: you are running uWSGI without its master process manager ***
your processes number limit is 30457
your memory page size is 4096 bytes
detected max file descriptor number: 65535
lock engine: pthread robust mutexes
thunder lock: disabled (you can enable it with --thunder-lock)
uwsgi socket 0 bound to TCP address 127.0.0.1:5001 fd 3
uwsgi socket 1 bound to UNIX address /tmp/uwsgi.sock fd 4
Python version: 2.7.6 (default, Aug 26 2015, 15:31:59)  [GCC 4.4.7 20120313 (Red Hat 4.4.7-16)]
Python main interpreter initialized at 0xa15810
python threads support enabled
your server socket listen backlog is limited to 100 connections
your mercy for graceful operations on workers is 60 seconds
mapped 166144 bytes (162 KB) for 4 cores
*** Operational MODE: preforking+threaded ***
*** no app loaded. going in full dynamic mode ***
*** uWSGI is running in multiple interpreter mode ***
spawned uWSGI worker 1 (pid: 27379, cores: 2)
spawned uWSGI worker 2 (pid: 27380, cores: 2)
*** Starting uWSGI 2.0.11.2 (64bit) on [Thu Dec 24 17:55:30 2015] ***
compiled with version: 4.4.7 20120313 (Red Hat 4.4.7-16) on 24 December 2015 17:32:39
os: Linux-2.6.32-504.30.3.el6.x86_64 #1 SMP Wed Jul 15 10:13:09 UTC 2015
nodename: app
machine: x86_64
clock source: unix
pcre jit disabled
detected number of CPU cores: 2
current working directory: /home/xuanwen/appserver/my_flask
detected binary path: /home/xuanwen/appserver/my_flask/venv/bin/uwsgi
uWSGI running as root, you can use --uid/--gid/--chroot options
*** WARNING: you are running uWSGI as root !!! (use the --uid flag) *** 
*** WARNING: you are running uWSGI without its master process manager ***
your processes number limit is 30457
your memory page size is 4096 bytes
detected max file descriptor number: 65535
lock engine: pthread robust mutexes
thunder lock: disabled (you can enable it with --thunder-lock)
uwsgi socket 0 bound to TCP address 127.0.0.1:5001 fd 3
uwsgi socket 1 bound to UNIX address /tmp/uwsgi.sock fd 4
Python version: 2.7.6 (default, Aug 26 2015, 15:31:59)  [GCC 4.4.7 20120313 (Red Hat 4.4.7-16)]
Set PythonHome to /home/xuanwen/appserver/my_flask/venv
Python main interpreter initialized at 0x213a860
python threads support enabled
your server socket listen backlog is limited to 100 connections
your mercy for graceful operations on workers is 60 seconds
mapped 166144 bytes (162 KB) for 4 cores
*** Operational MODE: preforking+threaded ***
*** no app loaded. going in full dynamic mode ***
*** uWSGI is running in multiple interpreter mode ***
spawned uWSGI worker 1 (pid: 27389, cores: 2)
spawned uWSGI worker 2 (pid: 27390, cores: 2)
*** Starting uWSGI 2.0.11.2 (64bit) on [Thu Dec 24 17:55:50 2015] ***
compiled with version: 4.4.7 20120313 (Red Hat 4.4.7-16) on 24 December 2015 17:32:39
os: Linux-2.6.32-504.30.3.el6.x86_64 #1 SMP Wed Jul 15 10:13:09 UTC 2015
nodename: app
machine: x86_64
clock source: unix
pcre jit disabled
detected number of CPU cores: 2
current working directory: /home/xuanwen/appserver/my_flask
detected binary path: /home/xuanwen/appserver/my_flask/venv/bin/uwsgi
uWSGI running as root, you can use --uid/--gid/--chroot options
*** WARNING: you are running uWSGI as root !!! (use the --uid flag) *** 
*** WARNING: you are running uWSGI without its master process manager ***
your processes number limit is 30457
your memory page size is 4096 bytes
detected max file descriptor number: 65535
lock engine: pthread robust mutexes
thunder lock: disabled (you can enable it with --thunder-lock)
uwsgi socket 0 bound to TCP address 127.0.0.1:5001 fd 3
uwsgi socket 1 bound to UNIX address /tmp/uwsgi.sock fd 4
Python version: 2.7.6 (default, Aug 26 2015, 15:31:59)  [GCC 4.4.7 20120313 (Red Hat 4.4.7-16)]
Python main interpreter initialized at 0x1a6a830
python threads support enabled
your server socket listen backlog is limited to 100 connections
your mercy for graceful operations on workers is 60 seconds
mapped 166144 bytes (162 KB) for 4 cores
*** Operational MODE: preforking+threaded ***
*** no app loaded. going in full dynamic mode ***
*** uWSGI is running in multiple interpreter mode ***
spawned uWSGI worker 1 (pid: 27394, cores: 2)
spawned uWSGI worker 2 (pid: 27395, cores: 2)
*** Starting uWSGI 2.0.11.2 (64bit) on [Thu Dec 24 17:56:06 2015] ***
compiled with version: 4.4.7 20120313 (Red Hat 4.4.7-16) on 24 December 2015 17:32:39
os: Linux-2.6.32-504.30.3.el6.x86_64 #1 SMP Wed Jul 15 10:13:09 UTC 2015
nodename: app
machine: x86_64
clock source: unix
pcre jit disabled
detected number of CPU cores: 2
current working directory: /home/xuanwen/appserver/my_flask
detected binary path: /home/xuanwen/appserver/my_flask/venv/bin/uwsgi
uWSGI running as root, you can use --uid/--gid/--chroot options
*** WARNING: you are running uWSGI as root !!! (use the --uid flag) *** 
*** WARNING: you are running uWSGI without its master process manager ***
your processes number limit is 30457
your memory page size is 4096 bytes
detected max file descriptor number: 65535
lock engine: pthread robust mutexes
thunder lock: disabled (you can enable it with --thunder-lock)
uwsgi socket 0 bound to TCP address 127.0.0.1:5001 fd 3
uwsgi socket 1 bound to UNIX address /tmp/uwsgi.sock fd 4
Python version: 2.7.6 (default, Aug 26 2015, 15:31:59)  [GCC 4.4.7 20120313 (Red Hat 4.4.7-16)]
Python main interpreter initialized at 0x1c97830
python threads support enabled
your server socket listen backlog is limited to 100 connections
your mercy for graceful operations on workers is 60 seconds
mapped 166144 bytes (162 KB) for 4 cores
*** Operational MODE: preforking+threaded ***
unable to load app 0 (mountpoint='') (callable not found or import error)
*** no app loaded. going in full dynamic mode ***
*** uWSGI is running in multiple interpreter mode ***
spawned uWSGI worker 1 (pid: 27399, cores: 2)
spawned uWSGI worker 2 (pid: 27402, cores: 2)
WSGI app 0 (mountpoint='') ready in 0 seconds on interpreter 0x1c97830 pid: 27399 (default app)
[pid: 27399|app: 0|req: 1/1] 124.205.216.229 () {44 vars in 755 bytes} [Thu Dec 24 17:56:08 2015] GET / => generated 5 bytes in 18 msecs (HTTP/1.1 200) 2 headers in 78 bytes (1 switches on core 0)
WSGI app 0 (mountpoint='') ready in 0 seconds on interpreter 0x1c97830 pid: 27402 (default app)
[pid: 27402|app: 0|req: 1/2] 124.205.216.229 () {44 vars in 755 bytes} [Thu Dec 24 17:56:09 2015] GET / => generated 5 bytes in 15 msecs (HTTP/1.1 200) 2 headers in 78 bytes (1 switches on core 0)
[pid: 27402|app: 0|req: 2/3] 124.205.216.229 () {44 vars in 755 bytes} [Thu Dec 24 17:56:10 2015] GET / => generated 5 bytes in 0 msecs (HTTP/1.1 200) 2 headers in 78 bytes (1 switches on core 1)
[pid: 27402|app: 0|req: 3/4] 124.205.216.229 () {44 vars in 755 bytes} [Thu Dec 24 17:56:11 2015] GET / => generated 5 bytes in 0 msecs (HTTP/1.1 200) 2 headers in 78 bytes (1 switches on core 0)
[pid: 27399|app: 0|req: 2/5] 124.205.216.229 () {42 vars in 730 bytes} [Thu Dec 24 17:56:16 2015] GET /sdf => generated 12 bytes in 5 msecs (HTTP/1.1 404) 2 headers in 86 bytes (1 switches on core 1)
*** Starting uWSGI 2.0.11.2 (64bit) on [Thu Dec 24 17:56:34 2015] ***
compiled with version: 4.4.7 20120313 (Red Hat 4.4.7-16) on 24 December 2015 17:32:39
os: Linux-2.6.32-504.30.3.el6.x86_64 #1 SMP Wed Jul 15 10:13:09 UTC 2015
nodename: app
machine: x86_64
clock source: unix
pcre jit disabled
detected number of CPU cores: 2
current working directory: /home/xuanwen/appserver/my_flask
detected binary path: /home/xuanwen/appserver/my_flask/venv/bin/uwsgi
uWSGI running as root, you can use --uid/--gid/--chroot options
*** WARNING: you are running uWSGI as root !!! (use the --uid flag) *** 
*** WARNING: you are running uWSGI without its master process manager ***
your processes number limit is 30457
your memory page size is 4096 bytes
detected max file descriptor number: 65535
lock engine: pthread robust mutexes
thunder lock: disabled (you can enable it with --thunder-lock)
uwsgi socket 0 bound to TCP address 127.0.0.1:5001 fd 3
uwsgi socket 1 bound to UNIX address /tmp/uwsgi.sock fd 4
Python version: 2.7.6 (default, Aug 26 2015, 15:31:59)  [GCC 4.4.7 20120313 (Red Hat 4.4.7-16)]
Python main interpreter initialized at 0x231b830
python threads support enabled
your server socket listen backlog is limited to 100 connections
your mercy for graceful operations on workers is 60 seconds
mapped 166144 bytes (162 KB) for 4 cores
*** Operational MODE: preforking+threaded ***
unable to load app 0 (mountpoint='') (callable not found or import error)
*** no app loaded. going in full dynamic mode ***
*** uWSGI is running in multiple interpreter mode ***
spawned uWSGI worker 1 (pid: 27406, cores: 2)
spawned uWSGI worker 2 (pid: 27409, cores: 2)
WSGI app 0 (mountpoint='') ready in 0 seconds on interpreter 0x231b830 pid: 27406 (default app)
[pid: 27406|app: 0|req: 1/1] 124.205.216.229 () {42 vars in 724 bytes} [Thu Dec 24 17:56:38 2015] GET / => generated 5 bytes in 72 msecs (HTTP/1.1 200) 2 headers in 78 bytes (1 switches on core 0)
WSGI app 0 (mountpoint='') ready in 0 seconds on interpreter 0x231b830 pid: 27409 (default app)
[pid: 27409|app: 0|req: 1/2] 124.205.216.229 () {44 vars in 755 bytes} [Thu Dec 24 17:56:40 2015] GET / => generated 5 bytes in 70 msecs (HTTP/1.1 200) 2 headers in 78 bytes (1 switches on core 0)
[pid: 27409|app: 0|req: 2/3] 124.205.216.229 () {44 vars in 755 bytes} [Thu Dec 24 17:56:41 2015] GET / => generated 5 bytes in 0 msecs (HTTP/1.1 200) 2 headers in 78 bytes (1 switches on core 1)
[pid: 27409|app: 0|req: 3/4] 124.205.216.229 () {44 vars in 755 bytes} [Thu Dec 24 17:56:42 2015] GET / => generated 5 bytes in 0 msecs (HTTP/1.1 200) 2 headers in 78 bytes (1 switches on core 0)
[pid: 27409|app: 0|req: 4/5] 124.205.216.229 () {42 vars in 730 bytes} [Thu Dec 24 17:56:45 2015] GET /dfs => generated 12 bytes in 5 msecs (HTTP/1.1 404) 2 headers in 86 bytes (1 switches on core 1)
*** Starting uWSGI 2.0.11.2 (64bit) on [Thu Dec 24 23:07:24 2015] ***
compiled with version: 4.4.7 20120313 (Red Hat 4.4.7-16) on 24 December 2015 17:32:39
os: Linux-2.6.32-504.30.3.el6.x86_64 #1 SMP Wed Jul 15 10:13:09 UTC 2015
nodename: app
machine: x86_64
clock source: unix
pcre jit disabled
detected number of CPU cores: 2
current working directory: /home/xuanwen/appserver/my_flask
detected binary path: /home/xuanwen/appserver/my_flask/venv/bin/uwsgi
uWSGI running as root, you can use --uid/--gid/--chroot options
*** WARNING: you are running uWSGI as root !!! (use the --uid flag) *** 
*** WARNING: you are running uWSGI without its master process manager ***
your processes number limit is 30457
your memory page size is 4096 bytes
detected max file descriptor number: 65535
lock engine: pthread robust mutexes
thunder lock: disabled (you can enable it with --thunder-lock)
uwsgi socket 0 bound to TCP address 127.0.0.1:5001 fd 3
uwsgi socket 1 bound to UNIX address /tmp/uwsgi.sock fd 4
Python version: 2.7.6 (default, Aug 26 2015, 15:31:59)  [GCC 4.4.7 20120313 (Red Hat 4.4.7-16)]
Python main interpreter initialized at 0xb99850
python threads support enabled
your server socket listen backlog is limited to 100 connections
your mercy for graceful operations on workers is 60 seconds
mapped 166144 bytes (162 KB) for 4 cores
*** Operational MODE: preforking+threaded ***
unable to load app 0 (mountpoint='') (callable not found or import error)
*** no app loaded. going in full dynamic mode ***
*** uWSGI is running in multiple interpreter mode ***
spawned uWSGI worker 1 (pid: 27944, cores: 2)
spawned uWSGI worker 2 (pid: 27947, cores: 2)
WSGI app 0 (mountpoint='') ready in 0 seconds on interpreter 0xb99850 pid: 27947 (default app)
[pid: 27947|app: 0|req: 1/1] 117.79.232.1 () {44 vars in 752 bytes} [Thu Dec 24 23:07:33 2015] GET / => generated 5 bytes in 72 msecs (HTTP/1.1 200) 2 headers in 78 bytes (1 switches on core 0)
[pid: 27947|app: 0|req: 2/2] 117.79.232.1 () {42 vars in 727 bytes} [Thu Dec 24 23:07:39 2015] GET /sdf => generated 12 bytes in 6 msecs (HTTP/1.1 404) 2 headers in 86 bytes (1 switches on core 1)
